# JRE version: OpenJDK Runtime Environment (8.0_202-b03) (build 1.8.0_202-release-1483-b03)
# Java VM: OpenJDK 64-Bit Server VM (25.202-b03 mixed mode windows-amd64 compressed oops)
Heap:
 PSYoungGen      total 339968K, used 154026K [0x00000000e0000000, 0x00000000f6a80000, 0x0000000100000000)
  eden space 313856K, 49% used [0x00000000e0000000,0x00000000e966aab0,0x00000000f3280000)
  from space 26112K, 0% used [0x00000000f3280000,0x00000000f3280000,0x00000000f4c00000)
  to   space 27136K, 0% used [0x00000000f4c00000,0x00000000f4c00000,0x00000000f6680000)
 ParOldGen       total 92160K, used 85186K [0x00000000a0000000, 0x00000000a5a00000, 0x00000000e0000000)
  object space 92160K, 92% used [0x00000000a0000000,0x00000000a5330b38,0x00000000a5a00000)
 Metaspace       used 95678K, capacity 99856K, committed 100056K, reserved 1136640K
  class space    used 12095K, capacity 12928K, committed 13056K, reserved 1048576K
GC Heap History (10 events):
Event: 1156.218 GC heap before
{Heap before GC invocations=24 (full 4):
 PSYoungGen      total 299520K, used 274432K [0x00000000e0000000, 0x00000000f6680000, 0x0000000100000000)
  eden space 274432K, 100% used [0x00000000e0000000,0x00000000f0c00000,0x00000000f0c00000)
  from space 25088K, 0% used [0x00000000f0c00000,0x00000000f0c00000,0x00000000f2480000)
  to   space 27136K, 0% used [0x00000000f4c00000,0x00000000f4c00000,0x00000000f6680000)
 ParOldGen       total 92160K, used 66972K [0x00000000a0000000, 0x00000000a5a00000, 0x00000000e0000000)
  object space 92160K, 72% used [0x00000000a0000000,0x00000000a4167378,0x00000000a5a00000)
 Metaspace       used 94213K, capacity 98274K, committed 98536K, reserved 1134592K
  class space    used 11977K, capacity 12751K, committed 12800K, reserved 1048576K
Event: 1156.248 GC heap after
Heap after GC invocations=24 (full 4):
 PSYoungGen      total 340992K, used 8120K [0x00000000e0000000, 0x00000000f6a80000, 0x0000000100000000)
  eden space 313856K, 0% used [0x00000000e0000000,0x00000000e0000000,0x00000000f3280000)
  from space 27136K, 29% used [0x00000000f4c00000,0x00000000f53ee0a0,0x00000000f6680000)
  to   space 26112K, 0% used [0x00000000f3280000,0x00000000f3280000,0x00000000f4c00000)
 ParOldGen       total 92160K, used 66980K [0x00000000a0000000, 0x00000000a5a00000, 0x00000000e0000000)
  object space 92160K, 72% used [0x00000000a0000000,0x00000000a4169378,0x00000000a5a00000)
 Metaspace       used 94213K, capacity 98274K, committed 98536K, reserved 1134592K
  class space    used 11977K, capacity 12751K, committed 12800K, reserved 1048576K
}
Event: 1157.998 GC heap before
{Heap before GC invocations=25 (full 4):
 PSYoungGen      total 340992K, used 321976K [0x00000000e0000000, 0x00000000f6a80000, 0x0000000100000000)
  eden space 313856K, 100% used [0x00000000e0000000,0x00000000f3280000,0x00000000f3280000)
  from space 27136K, 29% used [0x00000000f4c00000,0x00000000f53ee0a0,0x00000000f6680000)
  to   space 26112K, 0% used [0x00000000f3280000,0x00000000f3280000,0x00000000f4c00000)
 ParOldGen       total 92160K, used 66980K [0x00000000a0000000, 0x00000000a5a00000, 0x00000000e0000000)
  object space 92160K, 72% used [0x00000000a0000000,0x00000000a4169378,0x00000000a5a00000)
 Metaspace       used 94661K, capacity 98816K, committed 98904K, reserved 1134592K
  class space    used 12028K, capacity 12844K, committed 12928K, reserved 1048576K
Event: 1158.017 GC heap after
Heap after GC invocations=25 (full 4):
 PSYoungGen      total 339968K, used 13427K [0x00000000e0000000, 0x00000000f6a80000, 0x0000000100000000)
  eden space 313856K, 0% used [0x00000000e0000000,0x00000000e0000000,0x00000000f3280000)
  from space 26112K, 51% used [0x00000000f3280000,0x00000000f3f9cfb0,0x00000000f4c00000)
  to   space 27136K, 0% used [0x00000000f4c00000,0x00000000f4c00000,0x00000000f6680000)
 ParOldGen       total 92160K, used 66988K [0x00000000a0000000, 0x00000000a5a00000, 0x00000000e0000000)
  object space 92160K, 72% used [0x00000000a0000000,0x00000000a416b378,0x00000000a5a00000)
 Metaspace       used 94661K, capacity 98816K, committed 98904K, reserved 1134592K
  class space    used 12028K, capacity 12844K, committed 12928K, reserved 1048576K
}
Event: 1160.070 GC heap before
{Heap before GC invocations=26 (full 4):
 PSYoungGen      total 339968K, used 327283K [0x00000000e0000000, 0x00000000f6a80000, 0x0000000100000000)
  eden space 313856K, 100% used [0x00000000e0000000,0x00000000f3280000,0x00000000f3280000)
  from space 26112K, 51% used [0x00000000f3280000,0x00000000f3f9cfb0,0x00000000f4c00000)
  to   space 27136K, 0% used [0x00000000f4c00000,0x00000000f4c00000,0x00000000f6680000)
 ParOldGen       total 92160K, used 66988K [0x00000000a0000000, 0x00000000a5a00000, 0x00000000e0000000)
  object space 92160K, 72% used [0x00000000a0000000,0x00000000a416b378,0x00000000a5a00000)
 Metaspace       used 94850K, capacity 99032K, committed 99160K, reserved 1136640K
  class space    used 12031K, capacity 12844K, committed 12928K, reserved 1048576K
Event: 1160.102 GC heap after
Heap after GC invocations=26 (full 4):
 PSYoungGen      total 340992K, used 16181K [0x00000000e0000000, 0x00000000f6a80000, 0x0000000100000000)
  eden space 313856K, 0% used [0x00000000e0000000,0x00000000e0000000,0x00000000f3280000)
  from space 27136K, 59% used [0x00000000f4c00000,0x00000000f5bcd4b8,0x00000000f6680000)
  to   space 26112K, 0% used [0x00000000f3280000,0x00000000f3280000,0x00000000f4c00000)
 ParOldGen       total 92160K, used 66988K [0x00000000a0000000, 0x00000000a5a00000, 0x00000000e0000000)
  object space 92160K, 72% used [0x00000000a0000000,0x00000000a416b378,0x00000000a5a00000)
 Metaspace       used 94850K, capacity 99032K, committed 99160K, reserved 1136640K
  class space    used 12031K, capacity 12844K, committed 12928K, reserved 1048576K
}
Event: 1163.666 GC heap before
{Heap before GC invocations=27 (full 4):
 PSYoungGen      total 340992K, used 330037K [0x00000000e0000000, 0x00000000f6a80000, 0x0000000100000000)
  eden space 313856K, 100% used [0x00000000e0000000,0x00000000f3280000,0x00000000f3280000)
  from space 27136K, 59% used [0x00000000f4c00000,0x00000000f5bcd4b8,0x00000000f6680000)
  to   space 26112K, 0% used [0x00000000f3280000,0x00000000f3280000,0x00000000f4c00000)
 ParOldGen       total 92160K, used 66988K [0x00000000a0000000, 0x00000000a5a00000, 0x00000000e0000000)
  object space 92160K, 72% used [0x00000000a0000000,0x00000000a416b378,0x00000000a5a00000)
 Metaspace       used 95531K, capacity 99778K, committed 100056K, reserved 1136640K
  class space    used 12085K, capacity 12927K, committed 13056K, reserved 1048576K
Event: 1163.756 GC heap after
Heap after GC invocations=27 (full 4):
 PSYoungGen      total 339968K, used 26090K [0x00000000e0000000, 0x00000000f6a80000, 0x0000000100000000)
  eden space 313856K, 0% used [0x00000000e0000000,0x00000000e0000000,0x00000000f3280000)
  from space 26112K, 99% used [0x00000000f3280000,0x00000000f4bfab60,0x00000000f4c00000)
  to   space 27136K, 0% used [0x00000000f4c00000,0x00000000f4c00000,0x00000000f6680000)
 ParOldGen       total 92160K, used 79556K [0x00000000a0000000, 0x00000000a5a00000, 0x00000000e0000000)
  object space 92160K, 86% used [0x00000000a0000000,0x00000000a4db12e0,0x00000000a5a00000)
 Metaspace       used 95531K, capacity 99778K, committed 100056K, reserved 1136640K
  class space    used 12085K, capacity 12927K, committed 13056K, reserved 1048576K
}
Event: 1163.756 GC heap before
{Heap before GC invocations=28 (full 5):
 PSYoungGen      total 339968K, used 26090K [0x00000000e0000000, 0x00000000f6a80000, 0x0000000100000000)
  eden space 313856K, 0% used [0x00000000e0000000,0x00000000e0000000,0x00000000f3280000)
  from space 26112K, 99% used [0x00000000f3280000,0x00000000f4bfab60,0x00000000f4c00000)
  to   space 27136K, 0% used [0x00000000f4c00000,0x00000000f4c00000,0x00000000f6680000)
 ParOldGen       total 92160K, used 79556K [0x00000000a0000000, 0x00000000a5a00000, 0x00000000e0000000)
  object space 92160K, 86% used [0x00000000a0000000,0x00000000a4db12e0,0x00000000a5a00000)
 Metaspace       used 95531K, capacity 99778K, committed 100056K, reserved 1136640K
  class space    used 12085K, capacity 12927K, committed 13056K, reserved 1048576K
Event: 1164.175 GC heap after
Heap after GC invocations=28 (full 5):
 PSYoungGen      total 339968K, used 0K [0x00000000e0000000, 0x00000000f6a80000, 0x0000000100000000)
  eden space 313856K, 0% used [0x00000000e0000000,0x00000000e0000000,0x00000000f3280000)
  from space 26112K, 0% used [0x00000000f3280000,0x00000000f3280000,0x00000000f4c00000)
  to   space 27136K, 0% used [0x00000000f4c00000,0x00000000f4c00000,0x00000000f6680000)
 ParOldGen       total 92160K, used 85186K [0x00000000a0000000, 0x00000000a5a00000, 0x00000000e0000000)
  object space 92160K, 92% used [0x00000000a0000000,0x00000000a5330b38,0x00000000a5a00000)
 Metaspace       used 95531K, capacity 99778K, committed 100056K, reserved 1136640K
  class space    used 12085K, capacity 12927K, committed 13056K, reserved 1048576K
}

